<?xml version="1.0" encoding="UTF-8"?>
<!-- Generated by org.testng.reporters.JUnitReportReporter -->
<testsuite hostname="DESKTOP-FHJP6J4" failures="0" tests="1" name="testCases.TC_002_LoginTest" time="1.687" errors="0" timestamp="2024-03-29T08:39:45 EDT" skipped="0">
  <testcase classname="testCases.TC_002_LoginTest" name="verify_Login" time="1.687"/>
</testsuite> <!-- testCases.TC_002_LoginTest -->
