<?xml version="1.0" encoding="UTF-8"?>
<!-- Generated by org.testng.reporters.JUnitReportReporter -->
<testsuite hostname="DESKTOP-FHJP6J4" failures="0" tests="6" name="testCases.TC_003_LoginDDT" time="40.604" errors="0" timestamp="2024-03-12T11:26:00 EDT" skipped="0">
  <testcase classname="testCases.TC_003_LoginDDT" name="verifyLoginDDT" time="2.224"/>
  <testcase classname="testCases.TC_003_LoginDDT" name="verifyLoginDDT" time="11.199"/>
  <testcase classname="testCases.TC_003_LoginDDT" name="verifyLoginDDT" time="11.683"/>
  <testcase classname="testCases.TC_003_LoginDDT" name="verifyLoginDDT" time="2.153"/>
  <testcase classname="testCases.TC_003_LoginDDT" name="verifyLoginDDT" time="11.232"/>
  <testcase classname="testCases.TC_003_LoginDDT" name="verifyLoginDDT" time="2.113"/>
</testsuite> <!-- testCases.TC_003_LoginDDT -->
