<?xml version="1.0" encoding="UTF-8"?>
<!-- Generated by org.testng.reporters.JUnitReportReporter -->
<testsuite hostname="DESKTOP-FHJP6J4" failures="0" tests="1" name="testCases.TC_001_AccountRegistrationTest" time="4.067" errors="0" timestamp="2024-03-12T11:14:51 EDT" skipped="0">
  <testcase classname="testCases.TC_001_AccountRegistrationTest" name="verify_account_registration" time="4.067"/>
</testsuite> <!-- testCases.TC_001_AccountRegistrationTest -->
