<?xml version="1.0" encoding="UTF-8"?>
<!-- Generated by org.testng.reporters.JUnitReportReporter -->
<testsuite hostname="DESKTOP-FHJP6J4" failures="0" tests="2" name="testCases.TC_001_AccountRegistrationTest" time="4.758" errors="0" timestamp="2024-03-29T08:29:49 EDT" skipped="0">
  <testcase classname="testCases.TC_001_AccountRegistrationTest" name="verify_account_registration" time="2.432"/>
  <testcase classname="testCases.TC_001_AccountRegistrationTest" name="verify_account_registration" time="2.326"/>
</testsuite> <!-- testCases.TC_001_AccountRegistrationTest -->
